
> @zos-apps/config@1.1.0 build /Users/z/work/zeekay/zos-apps/config
> tsup

CLI Building entry: src/hooks.ts, src/index.ts, src/types.ts
CLI Using tsconfig: tsconfig.json
CLI tsup v8.5.1
CLI Using tsup config: /Users/z/work/zeekay/zos-apps/config/tsup.config.ts
CLI Target: es2022
CLI Cleaning output folder
ESM Build start
Generated an empty chunk: "types".
ESM dist/hooks.js              255.00 B
ESM dist/index.js              645.00 B
ESM dist/types.js              68.00 B
ESM dist/chunk-5YWEGPS5.js     7.70 KB
ESM dist/index.js.map          1.29 KB
ESM dist/types.js.map          69.00 B
ESM dist/hooks.js.map          69.00 B
ESM dist/chunk-5YWEGPS5.js.map 20.21 KB
ESM ⚡️ Build success in 56ms
DTS Build start
DTS ⚡️ Build success in 1757ms
DTS dist/index.d.ts 774.00 B
DTS dist/hooks.d.ts 4.36 KB
DTS dist/types.d.ts 2.28 KB
